/*C12*/SET SCHEMA PUBLIC
DISCONNECT
/*C13*/SET SCHEMA PUBLIC
DISCONNECT
/*C14*/SET SCHEMA PUBLIC
DISCONNECT
/*C15*/SET SCHEMA PUBLIC
DISCONNECT
/*C16*/SET SCHEMA PUBLIC
DISCONNECT
/*C17*/SET SCHEMA PUBLIC
DISCONNECT
/*C18*/SET SCHEMA PUBLIC
DISCONNECT
/*C19*/SET SCHEMA PUBLIC
INSERT INTO CLIENTS VALUES(29,'\u041f\u0443\u0448\u043a\u0438\u043d','\u0410\u043b\u0435\u043a\u0441\u0430\u043d\u0434\u0440','\u0421\u0435\u0440\u0433\u0435\u0435\u0432\u0438\u0447','','')
COMMIT
DISCONNECT
/*C20*/SET SCHEMA PUBLIC
DISCONNECT
/*C21*/SET SCHEMA PUBLIC
DISCONNECT
/*C22*/SET SCHEMA PUBLIC
DELETE FROM CLIENTS WHERE ID=29
INSERT INTO CLIENTS VALUES(29,'\u041f\u0443\u0448\u043a\u0438\u043d','\u0410\u043b\u0435\u043a\u0441\u0430\u043d\u0434\u0440','\u0421\u0435\u0440\u0433\u0435\u0435\u0432\u0438\u0447','','123456789')
COMMIT
DISCONNECT
/*C23*/SET SCHEMA PUBLIC
DISCONNECT
/*C24*/SET SCHEMA PUBLIC
DELETE FROM CLIENTS WHERE ID=29
COMMIT
DISCONNECT
/*C25*/SET SCHEMA PUBLIC
DISCONNECT
